<?xml version="1.0" encoding="UTF-8"?>
<!-- Generated by org.testng.reporters.JUnitReportReporter -->
<testsuite hostname="LP000555" failures="0" tests="1" name="NewBegin.seleniumWebdrivers" time="1.917" errors="0" timestamp="2024-01-10T15:32:54 IST" skipped="0">
  <testcase classname="NewBegin.seleniumWebdrivers" name="browserTesting" time="1.917"/>
</testsuite> <!-- NewBegin.seleniumWebdrivers -->
