<?xml version="1.0" encoding="UTF-8"?>
<!-- Generated by org.testng.reporters.JUnitReportReporter -->
<testsuite hostname="LP000555" failures="0" tests="1" name="practice1.ReadinCSV" time="0.020" errors="0" timestamp="2024-02-06T16:50:35 IST" skipped="0">
  <testcase classname="practice1.ReadinCSV" name="f" time="0.020"/>
  <system-out/>
</testsuite> <!-- practice1.ReadinCSV -->
