<?xml version="1.0" encoding="UTF-8"?>
<!-- Generated by org.testng.reporters.JUnitReportReporter -->
<testsuite hostname="LP000555" failures="0" tests="2" name="p1.NewTest" time="3.140" errors="0" timestamp="2024-01-04T12:33:27 IST" skipped="0">
  <testcase classname="p1.NewTest" name="openBrowser" time="0.872"/>
  <testcase classname="p1.NewTest" name="Login" time="2.268"/>
</testsuite> <!-- p1.NewTest -->
