<?xml version="1.0" encoding="UTF-8"?>
<!-- Generated by org.testng.reporters.JUnitReportReporter -->
<testsuite hostname="LP000555" failures="0" tests="1" name="p2.NewTest" time="10.458" errors="0" timestamp="2024-01-04T12:47:06 IST" skipped="0">
  <testcase classname="p2.NewTest" name="amazon" time="10.458"/>
</testsuite> <!-- p2.NewTest -->
