<?xml version="1.0" encoding="UTF-8"?>
<!-- Generated by org.testng.reporters.JUnitReportReporter -->
<testsuite hostname="LP000555" failures="0" tests="2" name="exam.androidPresentation" time="83.761" errors="0" timestamp="2024-01-19T14:31:06 IST" skipped="0">
  <testcase classname="exam.androidPresentation" name="Test1" time="28.071"/>
  <system-out/>
  <testcase classname="exam.androidPresentation" name="test2" time="55.690"/>
  <system-out/>
</testsuite> <!-- exam.androidPresentation -->
