<?xml version="1.0" encoding="UTF-8"?>
<!-- Generated by org.testng.reporters.JUnitReportReporter -->
<testsuite hostname="LP000555" failures="0" tests="2" name="mobileTesting.iphoneTest" time="28.643" errors="0" timestamp="2024-01-17T09:42:17 IST" skipped="0">
  <testcase classname="mobileTesting.iphoneTest" name="appTesting" time="21.696"/>
  <system-out/>
  <testcase classname="mobileTesting.iphoneTest" name="appTesting2" time="6.947"/>
  <system-out/>
</testsuite> <!-- mobileTesting.iphoneTest -->
