<?xml version="1.0" encoding="UTF-8"?>
<!-- Generated by org.testng.reporters.JUnitReportReporter -->
<testsuite hostname="LP000555" failures="0" tests="1" name="mobileTesting.androidTest" time="29.278" errors="1" timestamp="2024-01-09T16:18:40 IST" skipped="0">
  <testcase classname="mobileTesting.androidTest" name="beforeTest" time="29.278">
    <error message="Appium error: An unknown server-side error occurred while processing the command. Original error: Error attempting to start URI. Original error: Error: Starting: Intent { act=android.intent.action.VIEW dat=https://google.com/... pkg=com.example.android.basicnetworking }
Error: Activity not started, unable to resolve Intent { act=android.intent.action.VIEW dat=https://google.com/... flg=0x10000000 pkg=com.example.android.basicnetworking } (WARNING: The server did not provide any stacktrace information)
Command duration or timeout: 0 milliseconds
Build info: version: &#039;3.5.3&#039;, revision: &#039;a88d25fe6b&#039;, time: &#039;2017-08-29T12:42:44.417Z&#039;
System info: host: &#039;LP000555&#039;, ip: &#039;10.99.105.83&#039;, os.name: &#039;Windows 10&#039;, os.arch: &#039;amd64&#039;, os.version: &#039;10.0&#039;, java.version: &#039;17.0.9&#039;
Driver info: io.appium.java_client.android.AndroidDriver
Capabilities [{appPackage=com.example.android.basicnetworking, chromedriverPorts=[[18188, 18198]], uiautomator2ServerLaunchTimeout=60000, deviceName=88PX01Z40, acceptSslCerts=false, nativeWebScreenshot=true, webStorageEnabled=false, acceptSslCert=false, automationName=uiautomator2, javascriptEnabled=true, skipServerInstallation=true, instant_app_enabled_group=false, disableSuppressAccessibilityService=true, 64bit=false, enablePerformanceLogging=false, systemPort=8208, chromedriverPort=18088, new_bucketing=true, version=, appActivity=com.example.android.basicnetworking.MainActivity, browser_name=Chrome, realMobile=true, adbExecTimeout=120000, pixelRatio=2.75, deviceScreenDensity=440, projectName=Android Second Project, device=google pixel 3, browserstack.is_hub_canary=false, statBarHeight=66, bundleID=com.example.android.basicnetworking, viewportRect={top=66, left=0, width=1080, height=1962}, platform=ANDROID, deviceUDID=88PX01Z40, osVersion=9.0, detected_language=Apache-HttpClient/4.5.3 (Java/17.0.9), newCommandTimeout=0, platformVersion=9, takesScreenshot=true, udid=88PX01Z40, deviceApiLevel=28, deviceManufacturer=Google, platformName=ANDROID, deviceScreenSize=1080x2160, networkConnectionEnabled=true, buildName=Android Build, is_an_instant_app=false, capabilities={appPackage=com.example.android.basicnetworking, chromedriverPorts=[[18188, 18198]], uiautomator2ServerLaunchTimeout=60000, deviceName=88PX01Z40, acceptSslCerts=false, nativeWebScreenshot=true, webStorageEnabled=false, acceptSslCert=false, automationName=uiautomator2, javascriptEnabled=true, skipServerInstallation=true, instant_app_enabled_group=false, disableSuppressAccessibilityService=true, 64bit=false, enablePerformanceLogging=false, systemPort=8208, chromedriverPort=18088, new_bucketing=true, version=, appActivity=com.example.android.basicnetworking.MainActivity, browser_name=Chrome, realMobile=true, adbExecTimeout=120000, pixelRatio=2.75, deviceScreenDensity=440, projectName=Android Second Project, device=google pixel 3, browserstack.is_hub_canary=false, statBarHeight=66, bundleID=com.example.android.basicnetworking, viewportRect={top=66, left=0, width=1080, height=1962}, platform=ANDROID, deviceUDID=88PX01Z40, osVersion=9.0, detected_language=Apache-HttpClient/4.5.3 (Java/17.0.9), newCommandTimeout=0, platformVersion=9, takesScreenshot=true, udid=88PX01Z40, platformName=Android, deviceApiLevel=28, deviceManufacturer=Google, deviceScreenSize=1080x2160, networkConnectionEnabled=true, buildName=Android Build, is_an_instant_app=false, browserstack.minOSVersion=4.1, warnings={}, os_version=9.0, sessionName=Android Testing, browserstack.appium_version=1.17.0, bundleId=com.example.android.basicnetworking, mobile={browser=mobile, version=Google Pixel 3-9.0}, sessionId=3c346416a4722843e17626aedbc8ce61536c639b, databaseEnabled=false, orig_os=android, locationContextEnabled=false, deviceModel=Pixel 3, chromeOptions={w3c=false}}, browserstack.minOSVersion=4.1, warnings={}, os_version=9.0, sessionName=Android Testing, browserstack.appium_version=1.17.0, bundleId=com.example.android.basicnetworking, mobile={browser=mobile, version=Google Pixel 3-9.0}, sessionId=3c346416a4722843e17626aedbc8ce61536c639b, databaseEnabled=false, orig_os=android, locationContextEnabled=false, deviceModel=Pixel 3, chromeOptions={w3c=false}}]
Session ID: 3c346416a4722843e17626aedbc8ce61536c639b" type="org.openqa.selenium.WebDriverException">
      <![CDATA[org.openqa.selenium.WebDriverException: Appium error: An unknown server-side error occurred while processing the command. Original error: Error attempting to start URI. Original error: Error: Starting: Intent { act=android.intent.action.VIEW dat=https://google.com/... pkg=com.example.android.basicnetworking }
Error: Activity not started, unable to resolve Intent { act=android.intent.action.VIEW dat=https://google.com/... flg=0x10000000 pkg=com.example.android.basicnetworking } (WARNING: The server did not provide any stacktrace information)
Command duration or timeout: 0 milliseconds
Build info: version: '3.5.3', revision: 'a88d25fe6b', time: '2017-08-29T12:42:44.417Z'
System info: host: 'LP000555', ip: '10.99.105.83', os.name: 'Windows 10', os.arch: 'amd64', os.version: '10.0', java.version: '17.0.9'
Driver info: io.appium.java_client.android.AndroidDriver
Capabilities [{appPackage=com.example.android.basicnetworking, chromedriverPorts=[[18188, 18198]], uiautomator2ServerLaunchTimeout=60000, deviceName=88PX01Z40, acceptSslCerts=false, nativeWebScreenshot=true, webStorageEnabled=false, acceptSslCert=false, automationName=uiautomator2, javascriptEnabled=true, skipServerInstallation=true, instant_app_enabled_group=false, disableSuppressAccessibilityService=true, 64bit=false, enablePerformanceLogging=false, systemPort=8208, chromedriverPort=18088, new_bucketing=true, version=, appActivity=com.example.android.basicnetworking.MainActivity, browser_name=Chrome, realMobile=true, adbExecTimeout=120000, pixelRatio=2.75, deviceScreenDensity=440, projectName=Android Second Project, device=google pixel 3, browserstack.is_hub_canary=false, statBarHeight=66, bundleID=com.example.android.basicnetworking, viewportRect={top=66, left=0, width=1080, height=1962}, platform=ANDROID, deviceUDID=88PX01Z40, osVersion=9.0, detected_language=Apache-HttpClient/4.5.3 (Java/17.0.9), newCommandTimeout=0, platformVersion=9, takesScreenshot=true, udid=88PX01Z40, deviceApiLevel=28, deviceManufacturer=Google, platformName=ANDROID, deviceScreenSize=1080x2160, networkConnectionEnabled=true, buildName=Android Build, is_an_instant_app=false, capabilities={appPackage=com.example.android.basicnetworking, chromedriverPorts=[[18188, 18198]], uiautomator2ServerLaunchTimeout=60000, deviceName=88PX01Z40, acceptSslCerts=false, nativeWebScreenshot=true, webStorageEnabled=false, acceptSslCert=false, automationName=uiautomator2, javascriptEnabled=true, skipServerInstallation=true, instant_app_enabled_group=false, disableSuppressAccessibilityService=true, 64bit=false, enablePerformanceLogging=false, systemPort=8208, chromedriverPort=18088, new_bucketing=true, version=, appActivity=com.example.android.basicnetworking.MainActivity, browser_name=Chrome, realMobile=true, adbExecTimeout=120000, pixelRatio=2.75, deviceScreenDensity=440, projectName=Android Second Project, device=google pixel 3, browserstack.is_hub_canary=false, statBarHeight=66, bundleID=com.example.android.basicnetworking, viewportRect={top=66, left=0, width=1080, height=1962}, platform=ANDROID, deviceUDID=88PX01Z40, osVersion=9.0, detected_language=Apache-HttpClient/4.5.3 (Java/17.0.9), newCommandTimeout=0, platformVersion=9, takesScreenshot=true, udid=88PX01Z40, platformName=Android, deviceApiLevel=28, deviceManufacturer=Google, deviceScreenSize=1080x2160, networkConnectionEnabled=true, buildName=Android Build, is_an_instant_app=false, browserstack.minOSVersion=4.1, warnings={}, os_version=9.0, sessionName=Android Testing, browserstack.appium_version=1.17.0, bundleId=com.example.android.basicnetworking, mobile={browser=mobile, version=Google Pixel 3-9.0}, sessionId=3c346416a4722843e17626aedbc8ce61536c639b, databaseEnabled=false, orig_os=android, locationContextEnabled=false, deviceModel=Pixel 3, chromeOptions={w3c=false}}, browserstack.minOSVersion=4.1, warnings={}, os_version=9.0, sessionName=Android Testing, browserstack.appium_version=1.17.0, bundleId=com.example.android.basicnetworking, mobile={browser=mobile, version=Google Pixel 3-9.0}, sessionId=3c346416a4722843e17626aedbc8ce61536c639b, databaseEnabled=false, orig_os=android, locationContextEnabled=false, deviceModel=Pixel 3, chromeOptions={w3c=false}}]
Session ID: 3c346416a4722843e17626aedbc8ce61536c639b
at java.base/jdk.internal.reflect.NativeConstructorAccessorImpl.newInstance0(Native Method)
at java.base/jdk.internal.reflect.NativeConstructorAccessorImpl.newInstance(NativeConstructorAccessorImpl.java:77)
at java.base/jdk.internal.reflect.DelegatingConstructorAccessorImpl.newInstance(DelegatingConstructorAccessorImpl.java:45)
at java.base/java.lang.reflect.Constructor.newInstanceWithCaller(Constructor.java:499)
at java.base/java.lang.reflect.Constructor.newInstance(Constructor.java:480)
at org.openqa.selenium.remote.ErrorHandler.createThrowable(ErrorHandler.java:215)
at org.openqa.selenium.remote.ErrorHandler.throwIfResponseFailed(ErrorHandler.java:167)
at org.openqa.selenium.remote.http.JsonHttpResponseCodec.reconstructValue(JsonHttpResponseCodec.java:40)
at org.openqa.selenium.remote.http.AbstractHttpResponseCodec.decode(AbstractHttpResponseCodec.java:82)
at org.openqa.selenium.remote.http.AbstractHttpResponseCodec.decode(AbstractHttpResponseCodec.java:45)
at org.openqa.selenium.remote.HttpCommandExecutor.execute(HttpCommandExecutor.java:164)
at io.appium.java_client.remote.AppiumCommandExecutor.execute(AppiumCommandExecutor.java:89)
at org.openqa.selenium.remote.RemoteWebDriver.execute(RemoteWebDriver.java:646)
at io.appium.java_client.DefaultGenericMobileDriver.execute(DefaultGenericMobileDriver.java:42)
at io.appium.java_client.AppiumDriver.execute(AppiumDriver.java:1)
at io.appium.java_client.android.AndroidDriver.execute(AndroidDriver.java:1)
at org.openqa.selenium.remote.RemoteWebDriver.get(RemoteWebDriver.java:370)
at mobileTesting.androidTest.beforeTest(androidTest.java:41)
at java.base/jdk.internal.reflect.NativeMethodAccessorImpl.invoke0(Native Method)
at java.base/jdk.internal.reflect.NativeMethodAccessorImpl.invoke(NativeMethodAccessorImpl.java:77)
at java.base/jdk.internal.reflect.DelegatingMethodAccessorImpl.invoke(DelegatingMethodAccessorImpl.java:43)
at java.base/java.lang.reflect.Method.invoke(Method.java:568)
at org.testng.internal.invokers.MethodInvocationHelper.invokeMethod(MethodInvocationHelper.java:139)
at org.testng.internal.invokers.TestInvoker.invokeMethod(TestInvoker.java:664)
at org.testng.internal.invokers.TestInvoker.invokeTestMethod(TestInvoker.java:228)
at org.testng.internal.invokers.MethodRunner.runInSequence(MethodRunner.java:63)
at org.testng.internal.invokers.TestInvoker$MethodInvocationAgent.invoke(TestInvoker.java:961)
at org.testng.internal.invokers.TestInvoker.invokeTestMethods(TestInvoker.java:201)
at org.testng.internal.invokers.TestMethodWorker.invokeTestMethods(TestMethodWorker.java:148)
at org.testng.internal.invokers.TestMethodWorker.run(TestMethodWorker.java:128)
at java.base/java.util.ArrayList.forEach(ArrayList.java:1511)
at org.testng.TestRunner.privateRun(TestRunner.java:819)
at org.testng.TestRunner.run(TestRunner.java:619)
at org.testng.SuiteRunner.runTest(SuiteRunner.java:443)
at org.testng.SuiteRunner.runSequentially(SuiteRunner.java:437)
at org.testng.SuiteRunner.privateRun(SuiteRunner.java:397)
at org.testng.SuiteRunner.run(SuiteRunner.java:336)
at org.testng.SuiteRunnerWorker.runSuite(SuiteRunnerWorker.java:52)
at org.testng.SuiteRunnerWorker.run(SuiteRunnerWorker.java:95)
at org.testng.TestNG.runSuitesSequentially(TestNG.java:1301)
at org.testng.TestNG.runSuitesLocally(TestNG.java:1228)
at org.testng.TestNG.runSuites(TestNG.java:1134)
at org.testng.TestNG.run(TestNG.java:1101)
at org.testng.remote.AbstractRemoteTestNG.run(AbstractRemoteTestNG.java:115)
at org.testng.remote.RemoteTestNG.initAndRun(RemoteTestNG.java:251)
at org.testng.remote.RemoteTestNG.main(RemoteTestNG.java:77)
]]>
    </error>
  </testcase> <!-- beforeTest -->
</testsuite> <!-- mobileTesting.androidTest -->
