<?xml version="1.0" encoding="UTF-8"?>
<!-- Generated by org.testng.reporters.JUnitReportReporter -->
<testsuite hostname="LP000555" failures="0" tests="3" name="mobileTesting.androidAppTest" time="30.892" errors="0" timestamp="2024-01-18T10:43:31 IST" skipped="0">
  <testcase classname="mobileTesting.androidAppTest" name="androidTest1" time="22.484"/>
  <system-out/>
  <testcase classname="mobileTesting.androidAppTest" name="androidTest2" time="3.570"/>
  <system-out/>
  <testcase classname="mobileTesting.androidAppTest" name="androidTest3" time="4.838"/>
  <system-out/>
</testsuite> <!-- mobileTesting.androidAppTest -->
