<?xml version="1.0" encoding="UTF-8"?>
<!-- Generated by org.testng.reporters.JUnitReportReporter -->
<testsuite hostname="LP000555" failures="0" tests="1" name="handlingPopUps.authenticationPopUps" time="3.464" errors="0" timestamp="2024-02-21T10:15:17 IST" skipped="0">
  <testcase classname="handlingPopUps.authenticationPopUps" name="authenticationPop" time="3.464"/>
  <system-out/>
</testsuite> <!-- handlingPopUps.authenticationPopUps -->
