<?xml version="1.0" encoding="UTF-8"?>
<!-- Generated by org.testng.reporters.JUnitReportReporter -->
<testsuite hostname="LP000555" failures="0" tests="2" name="timeOutsParameterDemo.timeOutDemo2" time="3.908" errors="0" timestamp="2024-03-01T13:04:42 IST" skipped="0">
  <testcase classname="timeOutsParameterDemo.timeOutDemo2" name="test1" time="2.366"/>
  <system-out/>
  <testcase classname="timeOutsParameterDemo.timeOutDemo2" name="test2" time="1.542"/>
  <system-out/>
</testsuite> <!-- timeOutsParameterDemo.timeOutDemo2 -->
