<?xml version="1.0" encoding="UTF-8"?>
<!-- Generated by org.testng.reporters.JUnitReportReporter -->
<testsuite hostname="LP000555" failures="0" tests="1" name="ActionsClassDemo.resizeTextAreaDemo" time="4.361" errors="0" timestamp="2024-02-20T16:49:07 IST" skipped="0">
  <testcase classname="ActionsClassDemo.resizeTextAreaDemo" name="f" time="4.361"/>
  <system-out/>
</testsuite> <!-- ActionsClassDemo.resizeTextAreaDemo -->
