<?xml version="1.0" encoding="UTF-8"?>
<!-- Generated by org.testng.reporters.JUnitReportReporter -->
<testsuite hostname="LP000555" failures="0" tests="1" name="udemy.checkBoxDemo" time="2.509" errors="0" timestamp="2024-02-19T16:28:15 IST" skipped="0">
  <testcase classname="udemy.checkBoxDemo" name="f" time="2.509"/>
  <system-out/>
</testsuite> <!-- udemy.checkBoxDemo -->
