<?xml version="1.0" encoding="UTF-8"?>
<!-- Generated by org.testng.reporters.JUnitReportReporter -->
<testsuite hostname="LP000555" failures="0" tests="1" name="CalenderOperation.calendarPractice" time="4.521" errors="0" timestamp="2024-02-21T14:24:48 IST" skipped="0">
  <testcase classname="CalenderOperation.calendarPractice" name="calenderTest" time="4.521"/>
  <system-out/>
</testsuite> <!-- CalenderOperation.calendarPractice -->
