<?xml version="1.0" encoding="UTF-8"?>
<!-- Generated by org.testng.reporters.JUnitReportReporter -->
<testsuite hostname="LP000555" failures="0" tests="1" name="practice.loginFormUsingTwoParameter" time="0.863" errors="0" timestamp="2024-02-27T13:06:42 IST" skipped="0">
  <testcase classname="practice.loginFormUsingTwoParameter" name="login" time="0.863"/>
  <system-out/>
</testsuite> <!-- practice.loginFormUsingTwoParameter -->
