<?xml version="1.0" encoding="UTF-8"?>
<!-- Generated by org.testng.reporters.JUnitReportReporter -->
<testsuite hostname="LP000555" failures="0" tests="6" name="dataProviderDemo.dataProviderPRactice" time="107.046" errors="0" timestamp="2024-02-29T16:59:14 IST" skipped="0">
  <testcase classname="dataProviderDemo.dataProviderPRactice" name="parallel" time="17.080"/>
  <system-out/>
  <testcase classname="dataProviderDemo.dataProviderPRactice" name="parallel" time="16.971"/>
  <system-out/>
  <testcase classname="dataProviderDemo.dataProviderPRactice" name="parallel" time="17.001"/>
  <system-out/>
  <testcase classname="dataProviderDemo.dataProviderPRactice" name="parallel" time="17.174"/>
  <system-out/>
  <testcase classname="dataProviderDemo.dataProviderPRactice" name="parallel" time="21.771"/>
  <system-out/>
  <testcase classname="dataProviderDemo.dataProviderPRactice" name="parallel" time="17.049"/>
  <system-out/>
</testsuite> <!-- dataProviderDemo.dataProviderPRactice -->
