<?xml version="1.0" encoding="UTF-8"?>
<!-- Generated by org.testng.reporters.JUnitReportReporter -->
<testsuite hostname="LP000555" failures="0" tests="2" name="practice.dataProviderDemo" time="0.006" errors="0" timestamp="2024-02-26T16:38:44 IST" skipped="0">
  <testcase classname="practice.dataProviderDemo" name="test" time="0.001"/>
  <system-out/>
  <testcase classname="practice.dataProviderDemo" name="test" time="0.005"/>
  <system-out/>
</testsuite> <!-- practice.dataProviderDemo -->
