<?xml version="1.0" encoding="UTF-8"?>
<!-- Generated by org.testng.reporters.JUnitReportReporter -->
<testsuite hostname="LP000555" failures="0" tests="7" name="practice.dataProviderDemo3" time="0.013" errors="0" timestamp="2024-02-28T16:35:57 IST" skipped="0">
  <testcase classname="practice.dataProviderDemo3" name="demo" time="0.001"/>
  <system-out/>
  <testcase classname="practice.dataProviderDemo3" name="demo" time="0.006"/>
  <system-out/>
  <testcase classname="practice.dataProviderDemo3" name="demo2" time="0.001"/>
  <system-out/>
  <testcase classname="practice.dataProviderDemo3" name="demo2" time="0.001"/>
  <system-out/>
  <testcase classname="practice.dataProviderDemo3" name="demo2" time="0.001"/>
  <system-out/>
  <testcase classname="practice.dataProviderDemo3" name="demo3" time="0.001"/>
  <system-out/>
  <testcase classname="practice.dataProviderDemo3" name="demo3" time="0.002"/>
  <system-out/>
</testsuite> <!-- practice.dataProviderDemo3 -->
