<?xml version="1.0" encoding="UTF-8"?>
<!-- Generated by org.testng.reporters.JUnitReportReporter -->
<testsuite hostname="LP000555" failures="0" tests="6" name="practice.dataProviderDemo2" time="1.523" errors="0" timestamp="2024-02-28T15:36:22 IST" skipped="0">
  <testcase classname="practice.dataProviderDemo2" name="dataTest" time="0.232"/>
  <system-out/>
  <testcase classname="practice.dataProviderDemo2" name="dataTest6" time="0.001"/>
  <system-out/>
  <testcase classname="practice.dataProviderDemo2" name="dataTest6" time="0.002"/>
  <system-out/>
  <testcase classname="practice.dataProviderDemo2" name="dataTest" time="1.044"/>
  <system-out/>
  <testcase classname="practice.dataProviderDemo2" name="dataTest6" time="0.001"/>
  <system-out/>
  <testcase classname="practice.dataProviderDemo2" name="dataTest" time="0.243"/>
  <system-out/>
</testsuite> <!-- practice.dataProviderDemo2 -->
