<?xml version="1.0" encoding="UTF-8"?>
<!-- Generated by org.testng.reporters.JUnitReportReporter -->
<testsuite hostname="LP000555" failures="0" tests="1" name="handlingPopUps.childWindowHandle" time="14.376" errors="0" timestamp="2024-02-22T16:41:18 IST" skipped="0">
  <testcase classname="handlingPopUps.childWindowHandle" name="childWindow" time="14.376"/>
  <system-out/>
</testsuite> <!-- handlingPopUps.childWindowHandle -->
