<?xml version="1.0" encoding="UTF-8"?>
<!-- Generated by org.testng.reporters.JUnitReportReporter -->
<testsuite hostname="LP000555" failures="0" tests="1" name="CSV.writingCSVFile" time="0.010" errors="0" timestamp="2024-02-29T11:38:37 IST" skipped="0">
  <testcase classname="CSV.writingCSVFile" name="createCSV" time="0.010"/>
  <system-out/>
</testsuite> <!-- CSV.writingCSVFile -->
