<?xml version="1.0" encoding="UTF-8"?>
<!-- Generated by org.testng.reporters.JUnitReportReporter -->
<testsuite hostname="LP000555" failures="0" tests="1" name="handlingPopUps.fileDownloadDemo" time="13.671" errors="0" timestamp="2024-02-22T11:43:41 IST" skipped="0">
  <testcase classname="handlingPopUps.fileDownloadDemo" name="fileDownload" time="13.671"/>
  <system-out/>
</testsuite> <!-- handlingPopUps.fileDownloadDemo -->
