<?xml version="1.0" encoding="UTF-8"?>
<!-- Generated by org.testng.reporters.JUnitReportReporter -->
<testsuite hostname="LP000555" failures="0" tests="12" name="practice.dependOnDemo" time="0.022" errors="0" timestamp="2024-02-26T12:30:31 IST" skipped="2">
  <testcase classname="practice.dependOnDemo" name="test3" time="0.001"/>
  <system-out/>
  <testcase classname="practice.dependOnDemo" name="test3" time="0.001"/>
  <system-out/>
  <testcase classname="practice.dependOnDemo" name="first" time="0.007"/>
  <system-out/>
  <testcase classname="practice.dependOnDemo" name="test2" time="0.001"/>
  <system-out/>
  <testcase classname="practice.dependOnDemo" name="third" time="0.001"/>
  <system-out/>
  <testcase classname="practice.dependOnDemo" name="hardAssert" time="0.003"/>
  <system-out/>
  <testcase classname="practice.dependOnDemo" name="softAssert" time="0.004"/>
  <system-out/>
  <testcase classname="practice.dependOnDemo" name="test3" time="0.002"/>
  <system-out/>
  <testcase classname="practice.dependOnDemo" name="second" time="0.001"/>
  <system-out/>
  <testcase classname="practice.dependOnDemo" name="forth" time="0.001"/>
  <system-out/>
  <testcase classname="practice.dependOnDemo" name="test">
    <skipped/>
  </testcase> <!-- test -->
  <system-out/>
  <testcase classname="practice.dependOnDemo" name="test4">
    <skipped/>
  </testcase> <!-- test4 -->
  <system-out/>
</testsuite> <!-- practice.dependOnDemo -->
