<?xml version="1.0" encoding="UTF-8"?>
<!-- Generated by org.testng.reporters.JUnitReportReporter -->
<testsuite hostname="LP000555" failures="0" tests="2" name="dataProviderDemo.dataProviderDemo" time="0.007" errors="0" timestamp="2024-02-29T16:33:15 IST" skipped="0">
  <testcase classname="dataProviderDemo.dataProviderDemo" name="test" time="0.006"/>
  <system-out/>
  <testcase classname="dataProviderDemo.dataProviderDemo" name="test" time="0.001"/>
  <system-out/>
</testsuite> <!-- dataProviderDemo.dataProviderDemo -->
