<?xml version="1.0" encoding="UTF-8"?>
<!-- Generated by org.testng.reporters.JUnitReportReporter -->
<testsuite hostname="LP000555" failures="0" tests="1" name="practice.findByDemo" time="0.881" errors="0" timestamp="2024-02-26T15:01:18 IST" skipped="0">
  <testcase classname="practice.findByDemo" name="f" time="0.881"/>
  <system-out/>
</testsuite> <!-- practice.findByDemo -->
