<?xml version="1.0" encoding="UTF-8"?>
<!-- Generated by org.testng.reporters.JUnitReportReporter -->
<testsuite hostname="LP000555" failures="0" tests="1" name="udemy.AutoSuggestive" time="2.168" errors="0" timestamp="2024-02-19T14:23:17 IST" skipped="0">
  <testcase classname="udemy.AutoSuggestive" name="autoDemo" time="2.168"/>
  <system-out/>
</testsuite> <!-- udemy.AutoSuggestive -->
