<?xml version="1.0" encoding="UTF-8"?>
<!-- Generated by org.testng.reporters.JUnitReportReporter -->
<testsuite hostname="LP000555" failures="0" tests="1" name="udemy.NewTest" time="3.939" errors="0" timestamp="2024-02-15T16:50:08 IST" skipped="0">
  <testcase classname="udemy.NewTest" name="f" time="3.939"/>
  <system-out/>
</testsuite> <!-- udemy.NewTest -->
