<?xml version="1.0" encoding="UTF-8"?>
<!-- Generated by org.testng.reporters.JUnitReportReporter -->
<testsuite hostname="LP000555" failures="0" tests="1" name="handlingPopUps.hiddenDivisionPopUPs" time="7.746" errors="0" timestamp="2024-02-21T11:40:28 IST" skipped="0">
  <testcase classname="handlingPopUps.hiddenDivisionPopUPs" name="hiddenDivisionPop" time="7.746"/>
  <system-out/>
</testsuite> <!-- handlingPopUps.hiddenDivisionPopUPs -->
