<?xml version="1.0" encoding="UTF-8"?>
<!-- Generated by org.testng.reporters.JUnitReportReporter -->
<testsuite hostname="LP000555" failures="0" tests="1" name="practice.MultiWindow" time="19.487" errors="0" timestamp="2024-02-27T11:23:10 IST" skipped="0">
  <testcase classname="practice.MultiWindow" name="multiWindow" time="19.487"/>
  <system-out/>
</testsuite> <!-- practice.MultiWindow -->
