<?xml version="1.0" encoding="UTF-8"?>
<!-- Generated by org.testng.reporters.JUnitReportReporter -->
<testsuite hostname="LP000555" failures="0" tests="1" name="udemy.selectCLassDemo" time="2.290" errors="0" timestamp="2024-02-19T16:10:19 IST" skipped="0">
  <testcase classname="udemy.selectCLassDemo" name="selectDemo" time="2.290"/>
  <system-out/>
</testsuite> <!-- udemy.selectCLassDemo -->
