<?xml version="1.0" encoding="UTF-8"?>
<!-- Generated by org.testng.reporters.JUnitReportReporter -->
<testsuite hostname="LP000555" failures="0" tests="1" name="udemy.autoSuggestiveDemo2" time="1.557" errors="0" timestamp="2024-02-20T10:57:53 IST" skipped="0">
  <testcase classname="udemy.autoSuggestiveDemo2" name="mousetest" time="1.557"/>
  <system-out/>
</testsuite> <!-- udemy.autoSuggestiveDemo2 -->
