<?xml version="1.0" encoding="UTF-8"?>
<!-- Generated by org.testng.reporters.JUnitReportReporter -->
<testsuite hostname="LP000555" failures="0" tests="4" name="groupings.NewTest" time="0.010" errors="0" timestamp="2024-03-01T10:53:55 IST" skipped="0">
  <testcase classname="groupings.NewTest" name="test2" time="0.001"/>
  <system-out/>
  <testcase classname="groupings.NewTest" name="test1" time="0.007"/>
  <system-out/>
  <testcase classname="groupings.NewTest" name="test2" time="0.001"/>
  <system-out/>
  <testcase classname="groupings.NewTest" name="test1" time="0.001"/>
  <system-out/>
</testsuite> <!-- groupings.NewTest -->
