<?xml version="1.0" encoding="UTF-8"?>
<!-- Generated by org.testng.reporters.JUnitReportReporter -->
<testsuite hostname="LP000555" failures="0" tests="1" name="udemy.actionMouseOver" time="6.326" errors="0" timestamp="2024-02-20T12:22:22 IST" skipped="0">
  <testcase classname="udemy.actionMouseOver" name="mouseOver" time="6.326"/>
  <system-out/>
</testsuite> <!-- udemy.actionMouseOver -->
