<?xml version="1.0" encoding="UTF-8"?>
<!-- Generated by org.testng.reporters.JUnitReportReporter -->
<testsuite hostname="LP000555" failures="0" tests="5" name="udemy.seleniumDropdowns" time="12.546" errors="0" timestamp="2024-02-21T12:19:58 IST" skipped="0">
  <testcase classname="udemy.seleniumDropdowns" name="selectDropDown" time="4.473"/>
  <system-out/>
  <testcase classname="udemy.seleniumDropdowns" name="DynamicDropDowns" time="2.297"/>
  <system-out/>
  <testcase classname="udemy.seleniumDropdowns" name="AutosuggestiveDropdown" time="3.208"/>
  <system-out/>
  <testcase classname="udemy.seleniumDropdowns" name="checkBox" time="0.392"/>
  <system-out/>
  <testcase classname="udemy.seleniumDropdowns" name="validatingUIElements" time="2.176"/>
  <system-out/>
</testsuite> <!-- udemy.seleniumDropdowns -->
