<?xml version="1.0" encoding="UTF-8"?>
<!-- Generated by org.testng.reporters.JUnitReportReporter -->
<testsuite hostname="LP000555" failures="0" tests="1" name="ActionsClassDemo.sliderActionDemo" time="2.182" errors="0" timestamp="2024-02-20T16:29:39 IST" skipped="0">
  <testcase classname="ActionsClassDemo.sliderActionDemo" name="f" time="2.182"/>
  <system-out/>
</testsuite> <!-- ActionsClassDemo.sliderActionDemo -->
