<?xml version="1.0" encoding="UTF-8"?>
<!-- Generated by org.testng.reporters.JUnitReportReporter -->
<testsuite hostname="LP000555" failures="0" tests="2"
	name="udemy.seleniumBasics2" time="3.961" errors="0"
	timestamp="2024-01-18T11:39:21 IST" skipped="0">
	<testcase classname="udemy.seleniumBasics2" name="login" time="0.891" />
	<system-out />
	<testcase classname="udemy.seleniumBasics2" name="assertionTest"
		time="3.070" />
	<system-out />
</testsuite> <!-- udemy.seleniumBasics2 -->
