<?xml version="1.0" encoding="UTF-8"?>
<!-- Generated by org.testng.reporters.JUnitReportReporter -->
<testsuite hostname="LP000555" failures="0" tests="2"
	name="udemy.seleniumBasics" time="1.117" errors="0"
	timestamp="2024-01-17T13:06:10 IST" skipped="0">
	<testcase classname="udemy.seleniumBasics" name="WebTesting" time="0.814" />
	<system-out />
	<testcase classname="udemy.seleniumBasics" name="LogingTesting" time="0.303" />
	<system-out />
</testsuite> <!-- udemy.seleniumBasics -->
