<?xml version="1.0" encoding="UTF-8"?>
<!-- Generated by org.testng.reporters.JUnitReportReporter -->
<testsuite hostname="LP000555" failures="0" tests="1" name="handlingPopUps.filePopUps" time="2.975" errors="0" timestamp="2024-02-21T16:15:44 IST" skipped="0">
  <testcase classname="handlingPopUps.filePopUps" name="filePop" time="2.975"/>
  <system-out/>
</testsuite> <!-- handlingPopUps.filePopUps -->
