<?xml version="1.0" encoding="UTF-8"?>
<!-- Generated by org.testng.reporters.JUnitReportReporter -->
<testsuite hostname="LP000555" failures="0" tests="1" name="handlingPopUps.handlingAlert" time="10.726" errors="0" timestamp="2024-02-21T15:22:16 IST" skipped="0">
  <testcase classname="handlingPopUps.handlingAlert" name="f" time="10.726"/>
  <system-out/>
</testsuite> <!-- handlingPopUps.handlingAlert -->
