<?xml version="1.0" encoding="UTF-8"?>
<!-- Generated by org.testng.reporters.JUnitReportReporter -->
<testsuite hostname="LP000555" failures="0" tests="7" name="dataProviderDemo.dataProviderDemo3" time="0.011" errors="0" timestamp="2024-02-29T16:34:06 IST" skipped="0">
  <testcase classname="dataProviderDemo.dataProviderDemo3" name="demo" time="0.001"/>
  <system-out/>
  <testcase classname="dataProviderDemo.dataProviderDemo3" name="demo" time="0.005"/>
  <system-out/>
  <testcase classname="dataProviderDemo.dataProviderDemo3" name="demo2" time="0.001"/>
  <system-out/>
  <testcase classname="dataProviderDemo.dataProviderDemo3" name="demo2" time="0.001"/>
  <system-out/>
  <testcase classname="dataProviderDemo.dataProviderDemo3" name="demo2" time="0.001"/>
  <system-out/>
  <testcase classname="dataProviderDemo.dataProviderDemo3" name="demo3" time="0.001"/>
  <system-out/>
  <testcase classname="dataProviderDemo.dataProviderDemo3" name="demo3" time="0.001"/>
  <system-out/>
</testsuite> <!-- dataProviderDemo.dataProviderDemo3 -->
