<?xml version="1.0" encoding="UTF-8"?>
<!-- Generated by org.testng.reporters.JUnitReportReporter -->
<testsuite hostname="LP000555" failures="0" tests="1" name="udemy.Assigment" time="3.062" errors="0" timestamp="2024-02-05T15:14:22 IST" skipped="0">
  <testcase classname="udemy.Assigment" name="f" time="3.062"/>
  <system-out/>
</testsuite> <!-- udemy.Assigment -->
