<?xml version="1.0" encoding="UTF-8"?>
<!-- Generated by org.testng.reporters.JUnitReportReporter -->
<testsuite hostname="LP000555" failures="0" tests="1" name="takeScreenShot.screenShot" time="6.838" errors="0" timestamp="2024-03-02T16:27:39 IST" skipped="0">
  <testcase classname="takeScreenShot.screenShot" name="screenShot" time="6.838"/>
  <system-out/>
</testsuite> <!-- takeScreenShot.screenShot -->
