<?xml version="1.0" encoding="UTF-8"?>
<!-- Generated by org.testng.reporters.JUnitReportReporter -->
<testsuite hostname="LP000555" failures="0" tests="1" name="udemy.dropdownLooping" time="12.579" errors="0" timestamp="2024-02-19T16:37:41 IST" skipped="0">
  <testcase classname="udemy.dropdownLooping" name="loopingDropdown" time="12.579"/>
  <system-out/>
</testsuite> <!-- udemy.dropdownLooping -->
