<?xml version="1.0" encoding="UTF-8"?>
<!-- Generated by org.testng.reporters.JUnitReportReporter -->
<testsuite hostname="LP000555" failures="0" tests="1" name="groupings.NewTest2" time="0.001" errors="0" timestamp="2024-03-01T10:53:55 IST" skipped="0">
  <testcase classname="groupings.NewTest2" name="test6" time="0.001"/>
  <system-out/>
</testsuite> <!-- groupings.NewTest2 -->
