<?xml version="1.0" encoding="UTF-8"?>
<!-- Generated by org.testng.reporters.JUnitReportReporter -->
<testsuite hostname="LP000555" failures="0" tests="1" name="practice.WithoutSendKeys" time="6.852" errors="0" timestamp="2024-03-04T15:48:06 IST" skipped="0">
  <testcase classname="practice.WithoutSendKeys" name="f" time="6.852"/>
  <system-out/>
</testsuite> <!-- practice.WithoutSendKeys -->
