<?xml version="1.0" encoding="UTF-8"?>
<!-- Generated by org.testng.reporters.JUnitReportReporter -->
<testsuite hostname="LP000555" failures="0" tests="1" name="ActionsClassDemo.contextClickDemo" time="1.209" errors="0" timestamp="2024-02-20T14:35:43 IST" skipped="0">
  <testcase classname="ActionsClassDemo.contextClickDemo" name="rightClick" time="1.209"/>
  <system-out/>
</testsuite> <!-- ActionsClassDemo.contextClickDemo -->
