<?xml version="1.0" encoding="UTF-8"?>
<!-- Generated by org.testng.reporters.JUnitReportReporter -->
<testsuite hostname="LP000555" failures="0" tests="1" name="CSV.AgainCSVDemo" time="0.019" errors="0" timestamp="2024-02-29T17:53:55 IST" skipped="0">
  <testcase classname="CSV.AgainCSVDemo" name="f" time="0.019"/>
  <system-out/>
</testsuite> <!-- CSV.AgainCSVDemo -->
