<?xml version="1.0" encoding="UTF-8"?>
<!-- Generated by org.testng.reporters.JUnitReportReporter -->
<testsuite hostname="LP000555" failures="0" tests="1" name="ActionsClassDemo.dragAndDropDemo" time="7.064" errors="0" timestamp="2024-02-20T15:57:36 IST" skipped="0">
  <testcase classname="ActionsClassDemo.dragAndDropDemo" name="dragndrop" time="7.064"/>
  <system-out/>
</testsuite> <!-- ActionsClassDemo.dragAndDropDemo -->
