<?xml version="1.0" encoding="UTF-8"?>
<!-- Generated by org.testng.reporters.JUnitReportReporter -->
<testsuite hostname="LP000555" failures="0" tests="1" name="practice.IncognitoDemo" time="7.523" errors="0" timestamp="2024-02-27T12:38:18 IST" skipped="0">
  <testcase classname="practice.IncognitoDemo" name="Incognito" time="7.523"/>
  <system-out/>
</testsuite> <!-- practice.IncognitoDemo -->
