<?xml version="1.0" encoding="UTF-8"?>
<!-- Generated by org.testng.reporters.JUnitReportReporter -->
<testsuite hostname="LP000555" failures="0" tests="1" name="p1.Shopping" time="5.136" errors="0" timestamp="2023-12-21T19:07:43 IST" skipped="0">
  <testcase classname="p1.Shopping" name="test1" time="5.136"/>
</testsuite> <!-- p1.Shopping -->
