<?xml version="1.0" encoding="UTF-8"?>
<!-- Generated by org.testng.reporters.JUnitReportReporter -->
<testsuite hostname="LP000555" failures="0" tests="1" name="p1.PracticeTest4" time="1.095" errors="0" timestamp="2023-12-28T10:24:05 IST" skipped="0">
  <testcase classname="p1.PracticeTest4" name="test1" time="1.095"/>
</testsuite> <!-- p1.PracticeTest4 -->
