<?xml version="1.0" encoding="UTF-8"?>
<!-- Generated by org.testng.reporters.JUnitReportReporter -->
<testsuite hostname="LP000555" failures="0" tests="8" name="p2.FirstTest" time="63.651" errors="0" timestamp="2023-12-19T12:51:03 IST" skipped="0">
  <testcase classname="p2.FirstTest" name="test1" time="8.170"/>
  <testcase classname="p2.FirstTest" name="test2" time="7.784"/>
  <testcase classname="p2.FirstTest" name="test3" time="5.535"/>
  <testcase classname="p2.FirstTest" name="test4" time="6.889"/>
  <testcase classname="p2.FirstTest" name="test5" time="1.180"/>
  <testcase classname="p2.FirstTest" name="test6" time="13.460"/>
  <testcase classname="p2.FirstTest" name="test7" time="11.091"/>
  <testcase classname="p2.FirstTest" name="test8" time="9.542"/>
</testsuite> <!-- p2.FirstTest -->
