<?xml version="1.0" encoding="UTF-8"?>
<!-- Generated by org.testng.reporters.JUnitReportReporter -->
<testsuite hostname="LP000555" failures="0" tests="1" name="p5.CSVProject" time="9.932" errors="0" timestamp="2023-12-19T15:55:42 IST" skipped="0">
  <testcase classname="p5.CSVProject" name="test1" time="9.932"/>
</testsuite> <!-- p5.CSVProject -->
